<?xml version="1.0" encoding="UTF-8"?>
<!-- Generated by org.testng.reporters.JUnitReportReporter -->
<testsuite skipped="0" hostname="LAPTOP-4L1LBTUU" name="com.GoogleCalculatorRegression.tests.BaseClass" tests="1" failures="0" timestamp="22 Aug 2020 13:50:19 GMT" time="0.004" errors="0">
  <testcase name="Demo" time="0.004" classname="com.GoogleCalculatorRegression.tests.BaseClass"/>
</testsuite> <!-- com.GoogleCalculatorRegression.tests.BaseClass -->
