<?xml version="1.0" encoding="UTF-8"?>
<!-- Generated by org.testng.reporters.JUnitReportReporter -->
<testsuite skipped="0" hostname="LAPTOP-4L1LBTUU" name="com.GoogleCalculatorRegression.tests.AdvancedCalculations" tests="9" failures="0" timestamp="22 Aug 2020 19:05:41 GMT" time="36.195" errors="0">
  <testcase name="TC_06_SinCheck" time="4.761" classname="com.GoogleCalculatorRegression.tests.AdvancedCalculations"/>
  <testcase name="TC_09_factorialCheck" time="2.364" classname="com.GoogleCalculatorRegression.tests.AdvancedCalculations"/>
  <testcase name="TC_14_piCheck" time="6.096" classname="com.GoogleCalculatorRegression.tests.AdvancedCalculations"/>
  <testcase name="TC_10_parenthesisCheck" time="4.652" classname="com.GoogleCalculatorRegression.tests.AdvancedCalculations"/>
  <testcase name="TC_13_squareRootCheck" time="3.586" classname="com.GoogleCalculatorRegression.tests.AdvancedCalculations"/>
  <testcase name="TC_12_naturalLogCheck" time="4.007" classname="com.GoogleCalculatorRegression.tests.AdvancedCalculations"/>
  <testcase name="TC_07_CosCheck" time="3.306" classname="com.GoogleCalculatorRegression.tests.AdvancedCalculations"/>
  <testcase name="TC_11_logCheck" time="3.405" classname="com.GoogleCalculatorRegression.tests.AdvancedCalculations"/>
  <testcase name="TC_08_TanCheck" time="4.018" classname="com.GoogleCalculatorRegression.tests.AdvancedCalculations"/>
</testsuite> <!-- com.GoogleCalculatorRegression.tests.AdvancedCalculations -->
