<?xml version="1.0" encoding="UTF-8"?>
<!-- Generated by org.testng.reporters.JUnitReportReporter -->
<testsuite skipped="0" hostname="LAPTOP-4L1LBTUU" name="com.GoogleCalculatorRegression.tests.SimpleCalculations" tests="5" failures="0" timestamp="22 Aug 2020 19:05:41 GMT" time="19.268" errors="0">
  <testcase name="TC__02_Subtraction" time="4.843" classname="com.GoogleCalculatorRegression.tests.SimpleCalculations"/>
  <testcase name="TC_05_Percent" time="2.912" classname="com.GoogleCalculatorRegression.tests.SimpleCalculations"/>
  <testcase name="TC_04_Divide" time="3.615" classname="com.GoogleCalculatorRegression.tests.SimpleCalculations"/>
  <testcase name="TC_03_Multiply" time="4.450" classname="com.GoogleCalculatorRegression.tests.SimpleCalculations"/>
  <testcase name="TC_01_Addition" time="3.448" classname="com.GoogleCalculatorRegression.tests.SimpleCalculations"/>
</testsuite> <!-- com.GoogleCalculatorRegression.tests.SimpleCalculations -->
