<?xml version="1.0" encoding="UTF-8"?>
<!-- Generated by org.testng.reporters.JUnitReportReporter -->
<testsuite skipped="0" hostname="LAPTOP-4L1LBTUU" name="com.GoogleCalculatorRegression.tests.InverseCalculations" tests="6" failures="0" timestamp="22 Aug 2020 19:05:41 GMT" time="17.415" errors="0">
  <testcase name="TC_20_exponentialCheck" time="3.182" classname="com.GoogleCalculatorRegression.tests.InverseCalculations"/>
  <testcase name="TC_15_inverseCosCheck" time="3.783" classname="com.GoogleCalculatorRegression.tests.InverseCalculations"/>
  <testcase name="TC_19_inverseTanCheck" time="2.436" classname="com.GoogleCalculatorRegression.tests.InverseCalculations"/>
  <testcase name="TC_16_tenToPowerOf" time="2.404" classname="com.GoogleCalculatorRegression.tests.InverseCalculations"/>
  <testcase name="TC_18_inverseSinCheck" time="2.869" classname="com.GoogleCalculatorRegression.tests.InverseCalculations"/>
  <testcase name="TC_17_squareCheck" time="2.741" classname="com.GoogleCalculatorRegression.tests.InverseCalculations"/>
</testsuite> <!-- com.GoogleCalculatorRegression.tests.InverseCalculations -->
